<?xml version="1.0" encoding="UTF-8"?>
<!-- Generated by org.testng.reporters.JUnitXMLReporter -->
<testsuite ignored="0" hostname="DESKTOP-7I4U2KQ" failures="0" tests="4" name="Test" time="5.434" errors="0" timestamp="2022-05-11T19:54:53 IST">
  <testcase classname="comSauceDemoTestClasses.SauceDemoBaseClass" name="@BeforeClass BrowserOpen" time="5.159">
    <failure type="org.openqa.selenium.SessionNotCreatedException" message="session not created: This version of ChromeDriver only supports Chrome version 99
Current browser version is 101.0.4951.64 with binary path C:\Program Files\Google\Chrome\Application\chrome.exe
Build info: version: &amp;apos;3.141.59&amp;apos;, revision: &amp;apos;e82be7d358&amp;apos;, time: &amp;apos;2018-11-14T08:17:03&amp;apos;
System info: host: &amp;apos;DESKTOP-7I4U2KQ&amp;apos;, ip: &amp;apos;192.168.129.61&amp;apos;, os.name: &amp;apos;Windows 10&amp;apos;, os.arch: &amp;apos;amd64&amp;apos;, os.version: &amp;apos;10.0&amp;apos;, java.version: &amp;apos;17.0.2&amp;apos;
Driver info: driver.version: ChromeDriver
remote stacktrace: Backtrace:
	Ordinal0 [0x00BF9943+2595139]
	Ordinal0 [0x00B8C9F1+2148849]
	Ordinal0 [0x00A84528+1066280]
	Ordinal0 [0x00AA42C3+1196739]
	Ordinal0 [0x00A9FE37+1179191]
	Ordinal0 [0x00A9D6F1+1169137]
	Ordinal0 [0x00AD0530+1377584]
	Ordinal0 [0x00AD018A+1376650]
	Ordinal0 [0x00ACB806+1357830]
	Ordinal0 [0x00AA6086+1204358]
	Ordinal0 [0x00AA6F96+1208214]
	GetHandleVerifier [0x00D9B232+1658114]
	GetHandleVerifier [0x00E5312C+2411516]
	GetHandleVerifier [0x00C8F261+560433]
	GetHandleVerifier [0x00C8E366+556598]
	Ordinal0 [0x00B9286B+2173035]
	Ordinal0 [0x00B975F8+2192888]
	Ordinal0 [0x00B976E5+2193125]
	Ordinal0 [0x00BA11FC+2232828]
	BaseThreadInitThunk [0x7717FA29+25]
	RtlGetAppContainerNamedObjectPath [0x77457A7E+286]
	RtlGetAppContainerNamedObjectPath [0x77457A4E+238]
">
      <![CDATA[org.openqa.selenium.SessionNotCreatedException: session not created: This version of ChromeDriver only supports Chrome version 99
Current browser version is 101.0.4951.64 with binary path C:\Program Files\Google\Chrome\Application\chrome.exe
Build info: version: '3.141.59', revision: 'e82be7d358', time: '2018-11-14T08:17:03'
System info: host: 'DESKTOP-7I4U2KQ', ip: '192.168.129.61', os.name: 'Windows 10', os.arch: 'amd64', os.version: '10.0', java.version: '17.0.2'
Driver info: driver.version: ChromeDriver
remote stacktrace: Backtrace:
Ordinal0 [0x00BF9943+2595139]
Ordinal0 [0x00B8C9F1+2148849]
Ordinal0 [0x00A84528+1066280]
Ordinal0 [0x00AA42C3+1196739]
Ordinal0 [0x00A9FE37+1179191]
Ordinal0 [0x00A9D6F1+1169137]
Ordinal0 [0x00AD0530+1377584]
Ordinal0 [0x00AD018A+1376650]
Ordinal0 [0x00ACB806+1357830]
Ordinal0 [0x00AA6086+1204358]
Ordinal0 [0x00AA6F96+1208214]
GetHandleVerifier [0x00D9B232+1658114]
GetHandleVerifier [0x00E5312C+2411516]
GetHandleVerifier [0x00C8F261+560433]
GetHandleVerifier [0x00C8E366+556598]
Ordinal0 [0x00B9286B+2173035]
Ordinal0 [0x00B975F8+2192888]
Ordinal0 [0x00B976E5+2193125]
Ordinal0 [0x00BA11FC+2232828]
BaseThreadInitThunk [0x7717FA29+25]
RtlGetAppContainerNamedObjectPath [0x77457A7E+286]
RtlGetAppContainerNamedObjectPath [0x77457A4E+238]

at org.openqa.selenium.remote.W3CHandshakeResponse.lambda$errorHandler$0(W3CHandshakeResponse.java:62)
at org.openqa.selenium.remote.HandshakeResponse.lambda$getResponseFunction$0(HandshakeResponse.java:30)
at org.openqa.selenium.remote.ProtocolHandshake.lambda$createSession$0(ProtocolHandshake.java:126)
at java.base/java.util.stream.ReferencePipeline$3$1.accept(ReferencePipeline.java:197)
at java.base/java.util.Spliterators$ArraySpliterator.tryAdvance(Spliterators.java:1002)
at java.base/java.util.stream.ReferencePipeline.forEachWithCancel(ReferencePipeline.java:129)
at java.base/java.util.stream.AbstractPipeline.copyIntoWithCancel(AbstractPipeline.java:527)
at java.base/java.util.stream.AbstractPipeline.copyInto(AbstractPipeline.java:513)
at java.base/java.util.stream.AbstractPipeline.wrapAndCopyInto(AbstractPipeline.java:499)
at java.base/java.util.stream.FindOps$FindOp.evaluateSequential(FindOps.java:150)
at java.base/java.util.stream.AbstractPipeline.evaluate(AbstractPipeline.java:234)
at java.base/java.util.stream.ReferencePipeline.findFirst(ReferencePipeline.java:647)
at org.openqa.selenium.remote.ProtocolHandshake.createSession(ProtocolHandshake.java:128)
at org.openqa.selenium.remote.ProtocolHandshake.createSession(ProtocolHandshake.java:74)
at org.openqa.selenium.remote.HttpCommandExecutor.execute(HttpCommandExecutor.java:136)
at org.openqa.selenium.remote.service.DriverCommandExecutor.execute(DriverCommandExecutor.java:83)
at org.openqa.selenium.remote.RemoteWebDriver.execute(RemoteWebDriver.java:552)
at org.openqa.selenium.remote.RemoteWebDriver.startSession(RemoteWebDriver.java:213)
at org.openqa.selenium.remote.RemoteWebDriver.<init>(RemoteWebDriver.java:131)
at org.openqa.selenium.chrome.ChromeDriver.<init>(ChromeDriver.java:181)
at org.openqa.selenium.chrome.ChromeDriver.<init>(ChromeDriver.java:168)
at org.openqa.selenium.chrome.ChromeDriver.<init>(ChromeDriver.java:123)
at comSauceDemoTestClasses.SauceDemoBaseClass.BrowserOpen(SauceDemoBaseClass.java:36)
at java.base/java.util.ArrayList.forEach(ArrayList.java:1511)
... Removed 30 stack frames]]>
    </failure>
  </testcase> <!-- @BeforeClass BrowserOpen -->
  <testcase classname="comSauceDemoTestClasses.SauceDemoBaseClass" name="@BeforeMethod SetUpMethod" time="-1.65227909344E9">
    <skipped/>
  </testcase> <!-- @BeforeMethod SetUpMethod -->
  <testcase classname="comSauceDemoTestClasses.SauceDemoBaseClass" name="@AfterMethod tearDownMethod" time="-1.652279093475E9">
    <skipped/>
  </testcase> <!-- @AfterMethod tearDownMethod -->
  <testcase classname="comSauceDemoTestClasses.SauceDemoBaseClass" name="@BeforeMethod SetUpMethod" time="-1.652279093488E9">
    <skipped/>
  </testcase> <!-- @BeforeMethod SetUpMethod -->
  <testcase classname="comSauceDemoTestClasses.SauceDemoBaseClass" name="@AfterMethod tearDownMethod" time="-1.652279093538E9">
    <skipped/>
  </testcase> <!-- @AfterMethod tearDownMethod -->
  <testcase classname="comSauceDemoTestClasses.SauceDemoBaseClass" name="@BeforeMethod SetUpMethod" time="-1.652279093543E9">
    <skipped/>
  </testcase> <!-- @BeforeMethod SetUpMethod -->
  <testcase classname="comSauceDemoTestClasses.SauceDemoBaseClass" name="@AfterMethod tearDownMethod" time="-1.652279093558E9">
    <skipped/>
  </testcase> <!-- @AfterMethod tearDownMethod -->
  <testcase classname="comSauceDemoTestClasses.SauceDemoBaseClass" name="@BeforeMethod SetUpMethod" time="-1.652279093561E9">
    <skipped/>
  </testcase> <!-- @BeforeMethod SetUpMethod -->
  <testcase classname="comSauceDemoTestClasses.SauceDemoBaseClass" name="@AfterMethod tearDownMethod" time="-1.652279093597E9">
    <skipped/>
  </testcase> <!-- @AfterMethod tearDownMethod -->
  <testcase classname="comSauceDemoTestClasses.SauceDemoBaseClass" name="@AfterClass quit" time="-1.652279093603E9">
    <skipped/>
  </testcase> <!-- @AfterClass quit -->
  <testcase classname="comSauceDemoTestClasses.BaseClass2" name="Verifylogin" time="0.0">
    <skipped/>
  </testcase> <!-- Verifylogin -->
  <testcase classname="comSauceDemoTestClasses.BaseClass2" name="Addtocart" time="0.0">
    <skipped/>
  </testcase> <!-- Addtocart -->
  <testcase classname="comSauceDemoTestClasses.BaseClass2" name="information" time="0.0">
    <skipped/>
  </testcase> <!-- information -->
  <testcase classname="comSauceDemoTestClasses.BaseClass2" name="checkout" time="0.0">
    <skipped/>
  </testcase> <!-- checkout -->
</testsuite> <!-- Test -->
